0 info it worked if it ends with ok
1 verbose cli [ '/usr/local/bin/node', '/usr/local/bin/npm', 'publish' ]
2 info using npm@3.10.3
3 info using node@v6.7.0
4 verbose publish [ '.' ]
5 silly cache add args [ '.', null ]
6 verbose cache add spec .
7 silly cache add parsed spec Result {
7 silly cache add   raw: '.',
7 silly cache add   scope: null,
7 silly cache add   escapedName: null,
7 silly cache add   name: null,
7 silly cache add   rawSpec: '.',
7 silly cache add   spec: '/Users/Merrick/Developer/react-sourcerer',
7 silly cache add   type: 'directory' }
8 verbose addLocalDirectory /Users/Merrick/.npm/react-sourcerer/0.0.2/package.tgz not in flight; packing
9 verbose correctMkdir /Users/Merrick/.npm correctMkdir not in flight; initializing
10 info lifecycle react-sourcerer@0.0.2~prepublish: react-sourcerer@0.0.2
11 silly lifecycle react-sourcerer@0.0.2~prepublish: no script for prepublish, continuing
12 verbose tar pack [ '/Users/Merrick/.npm/react-sourcerer/0.0.2/package.tgz',
12 verbose tar pack   '/Users/Merrick/Developer/react-sourcerer' ]
13 verbose tarball /Users/Merrick/.npm/react-sourcerer/0.0.2/package.tgz
14 verbose folder /Users/Merrick/Developer/react-sourcerer
15 verbose addLocalTarball adding from inside cache /Users/Merrick/.npm/react-sourcerer/0.0.2/package.tgz
16 verbose correctMkdir /Users/Merrick/.npm correctMkdir not in flight; initializing
17 silly cache afterAdd react-sourcerer@0.0.2
18 verbose afterAdd /Users/Merrick/.npm/react-sourcerer/0.0.2/package/package.json not in flight; writing
19 verbose correctMkdir /Users/Merrick/.npm correctMkdir not in flight; initializing
20 verbose afterAdd /Users/Merrick/.npm/react-sourcerer/0.0.2/package/package.json written
21 silly publish { name: 'react-sourcerer',
21 silly publish   version: '0.0.2',
21 silly publish   description: 'A collection of components for working with JavaScript source code in React.',
21 silly publish   main: './dist/index.js',
21 silly publish   module: 'modules/index.js',
21 silly publish   files:
21 silly publish    [ 'modules/index.js',
21 silly publish      'modules/Match.js',
21 silly publish      'modules/ASTProvider.js',
21 silly publish      'modules/matchers/ArrowFunctionExpression.js',
21 silly publish      'modules/matchers/CallExpression.js',
21 silly publish      'modules/matchers/ClassMethod.js',
21 silly publish      'modules/matchers/Function.js',
21 silly publish      'modules/matchers/Identifier.js',
21 silly publish      'modules/matchers/Import.js',
21 silly publish      'modules/matchers/Program.js',
21 silly publish      'modules/matchers/Variable.js',
21 silly publish      'dist/index.js' ],
21 silly publish   scripts: { test: 'jest', build: 'webpack' },
21 silly publish   repository:
21 silly publish    { type: 'git',
21 silly publish      url: 'git+ssh://git@github.com/iammerrick/react-source.git' },
21 silly publish   author: { name: 'Merrick Christensen' },
21 silly publish   license: 'UNLICENSED',
21 silly publish   bugs: { url: 'https://github.com/iammerrick/react-source/issues' },
21 silly publish   homepage: 'https://github.com/iammerrick/react-source#readme',
21 silly publish   devDependencies:
21 silly publish    { 'babel-cli': '^6.18.0',
21 silly publish      'babel-loader': '^6.3.2',
21 silly publish      'babel-plugin-external-helpers': '^6.22.0',
21 silly publish      'babel-plugin-transform-runtime': '^6.23.0',
21 silly publish      'babel-preset-es2015': '^6.18.0',
21 silly publish      'babel-preset-react': '^6.16.0',
21 silly publish      jest: '^18.0.0',
21 silly publish      'jest-cli': '^18.1.0',
21 silly publish      'react-test-renderer': '^15.4.1',
21 silly publish      webpack: '^2.2.1' },
21 silly publish   dependencies:
21 silly publish    { 'babel-traverse': '^6.22.1',
21 silly publish      'babel-types': '^6.22.0',
21 silly publish      babylon: '^6.14.1',
21 silly publish      react: '^15.4.1',
21 silly publish      recast: '^0.11.21' },
21 silly publish   gitHead: '786a27da097bdbae5facb64df41b377a4b90e689',
21 silly publish   readme: 'ERROR: No README data found!',
21 silly publish   _id: 'react-sourcerer@0.0.2',
21 silly publish   _shasum: '6ca876df0c72166d26f445a54dbe6e464dd0b882',
21 silly publish   _from: '.' }
22 verbose getPublishConfig undefined
23 silly mapToRegistry name react-sourcerer
24 silly mapToRegistry using default registry
25 silly mapToRegistry registry https://registry.npmjs.org/
26 silly mapToRegistry data Result {
26 silly mapToRegistry   raw: 'react-sourcerer',
26 silly mapToRegistry   scope: null,
26 silly mapToRegistry   escapedName: 'react-sourcerer',
26 silly mapToRegistry   name: 'react-sourcerer',
26 silly mapToRegistry   rawSpec: '',
26 silly mapToRegistry   spec: 'latest',
26 silly mapToRegistry   type: 'tag' }
27 silly mapToRegistry uri https://registry.npmjs.org/react-sourcerer
28 verbose publish registryBase https://registry.npmjs.org/
29 silly publish uploading /Users/Merrick/.npm/react-sourcerer/0.0.2/package.tgz
30 verbose request uri https://registry.npmjs.org/react-sourcerer
31 verbose request sending authorization for write operation
32 info attempt registry request try #1 at 11:06:43 PM
33 verbose request using bearer token for auth
34 verbose request id df1ae64fc65bc09a
35 http request PUT https://registry.npmjs.org/react-sourcerer
36 http 403 https://registry.npmjs.org/react-sourcerer
37 verbose headers { 'content-type': 'application/json',
37 verbose headers   'cache-control': 'max-age=300',
37 verbose headers   'content-length': '95',
37 verbose headers   'accept-ranges': 'bytes',
37 verbose headers   date: 'Wed, 22 Feb 2017 06:06:44 GMT',
37 verbose headers   via: '1.1 varnish',
37 verbose headers   connection: 'keep-alive',
37 verbose headers   'x-served-by': 'cache-den6020-DEN',
37 verbose headers   'x-cache': 'MISS',
37 verbose headers   'x-cache-hits': '0',
37 verbose headers   'x-timer': 'S1487743603.416257,VS0,VE895',
37 verbose headers   vary: 'Accept-Encoding' }
38 verbose request invalidating /Users/Merrick/.npm/registry.npmjs.org/react-sourcerer on PUT
39 error publish Failed PUT 403
40 verbose stack Error: "You cannot publish over the previously published version 0.0.2." : react-sourcerer
40 verbose stack     at makeError (/usr/local/lib/node_modules/npm/node_modules/npm-registry-client/lib/request.js:264:12)
40 verbose stack     at CachingRegistryClient.<anonymous> (/usr/local/lib/node_modules/npm/node_modules/npm-registry-client/lib/request.js:252:14)
40 verbose stack     at Request._callback (/usr/local/lib/node_modules/npm/node_modules/npm-registry-client/lib/request.js:172:14)
40 verbose stack     at Request.self.callback (/usr/local/lib/node_modules/npm/node_modules/request/request.js:200:22)
40 verbose stack     at emitTwo (events.js:106:13)
40 verbose stack     at Request.emit (events.js:191:7)
40 verbose stack     at Request.<anonymous> (/usr/local/lib/node_modules/npm/node_modules/request/request.js:1067:10)
40 verbose stack     at emitOne (events.js:101:20)
40 verbose stack     at Request.emit (events.js:188:7)
40 verbose stack     at IncomingMessage.<anonymous> (/usr/local/lib/node_modules/npm/node_modules/request/request.js:988:12)
41 verbose statusCode 403
42 verbose pkgid react-sourcerer
43 verbose cwd /Users/Merrick/Developer/react-sourcerer
44 error Darwin 16.4.0
45 error argv "/usr/local/bin/node" "/usr/local/bin/npm" "publish"
46 error node v6.7.0
47 error npm  v3.10.3
48 error code E403
49 error "You cannot publish over the previously published version 0.0.2." : react-sourcerer
50 error If you need help, you may report this error at:
50 error     <https://github.com/npm/npm/issues>
51 verbose exit [ 1, true ]
